Crashlog created at 2013-11-01 00:28:18 +0100

===== MESSAGE:

Sass::SyntaxError: Invalid CSS after "": expected expression (e.g. 1px, bold), was ": 100% 100%"
  (in /Users/eising/Sites/mo-eising/mo/content/assets/stylesheets/screen.sass:47)

===== COMPILATION STACK:

  - [item]   /assets/stylesheets/screen/ (rep default)

===== STACK TRACE:

  0. /Users/eising/Sites/mo-eising/mo/content/assets/stylesheets/screen.sass:47
  1. /Users/eising/.rvm/gems/ruby-1.9.3-p448/gems/sass-3.2.12/lib/sass/scss/parser.rb:1148:in `expected'
  2. /Users/eising/.rvm/gems/ruby-1.9.3-p448/gems/sass-3.2.12/lib/sass/script/lexer.rb:199:in `expected!'
  3. /Users/eising/.rvm/gems/ruby-1.9.3-p448/gems/sass-3.2.12/lib/sass/script/parser.rb:486:in `assert_done'
  4. /Users/eising/.rvm/gems/ruby-1.9.3-p448/gems/sass-3.2.12/lib/sass/script/parser.rb:87:in `parse_mixin_include_arglist'
  5. /Users/eising/.rvm/gems/ruby-1.9.3-p448/gems/sass-3.2.12/lib/sass/engine.rb:861:in `parse_mixin_include'
  6. /Users/eising/.rvm/gems/ruby-1.9.3-p448/gems/sass-3.2.12/lib/sass/engine.rb:575:in `parse_line'
  7. /Users/eising/.rvm/gems/ruby-1.9.3-p448/gems/sass-3.2.12/lib/sass/engine.rb:471:in `build_tree'
  8. /Users/eising/.rvm/gems/ruby-1.9.3-p448/gems/sass-3.2.12/lib/sass/engine.rb:490:in `block in append_children'
  9. /Users/eising/.rvm/gems/ruby-1.9.3-p448/gems/sass-3.2.12/lib/sass/engine.rb:489:in `each'
  10. /Users/eising/.rvm/gems/ruby-1.9.3-p448/gems/sass-3.2.12/lib/sass/engine.rb:489:in `append_children'
  11. /Users/eising/.rvm/gems/ruby-1.9.3-p448/gems/sass-3.2.12/lib/sass/engine.rb:480:in `block in build_tree'
  12. /Users/eising/.rvm/gems/ruby-1.9.3-p448/gems/sass-3.2.12/lib/sass/engine.rb:473:in `each'
  13. /Users/eising/.rvm/gems/ruby-1.9.3-p448/gems/sass-3.2.12/lib/sass/engine.rb:473:in `build_tree'
  14. /Users/eising/.rvm/gems/ruby-1.9.3-p448/gems/sass-3.2.12/lib/sass/engine.rb:490:in `block in append_children'
  15. /Users/eising/.rvm/gems/ruby-1.9.3-p448/gems/sass-3.2.12/lib/sass/engine.rb:489:in `each'
  16. /Users/eising/.rvm/gems/ruby-1.9.3-p448/gems/sass-3.2.12/lib/sass/engine.rb:489:in `append_children'
  17. /Users/eising/.rvm/gems/ruby-1.9.3-p448/gems/sass-3.2.12/lib/sass/engine.rb:480:in `block in build_tree'
  18. /Users/eising/.rvm/gems/ruby-1.9.3-p448/gems/sass-3.2.12/lib/sass/engine.rb:473:in `each'
  19. /Users/eising/.rvm/gems/ruby-1.9.3-p448/gems/sass-3.2.12/lib/sass/engine.rb:473:in `build_tree'
  20. /Users/eising/.rvm/gems/ruby-1.9.3-p448/gems/sass-3.2.12/lib/sass/engine.rb:490:in `block in append_children'
  21. /Users/eising/.rvm/gems/ruby-1.9.3-p448/gems/sass-3.2.12/lib/sass/engine.rb:489:in `each'
  22. /Users/eising/.rvm/gems/ruby-1.9.3-p448/gems/sass-3.2.12/lib/sass/engine.rb:489:in `append_children'
  23. /Users/eising/.rvm/gems/ruby-1.9.3-p448/gems/sass-3.2.12/lib/sass/engine.rb:480:in `block in build_tree'
  24. /Users/eising/.rvm/gems/ruby-1.9.3-p448/gems/sass-3.2.12/lib/sass/engine.rb:473:in `each'
  25. /Users/eising/.rvm/gems/ruby-1.9.3-p448/gems/sass-3.2.12/lib/sass/engine.rb:473:in `build_tree'
  26. /Users/eising/.rvm/gems/ruby-1.9.3-p448/gems/sass-3.2.12/lib/sass/engine.rb:490:in `block in append_children'
  27. /Users/eising/.rvm/gems/ruby-1.9.3-p448/gems/sass-3.2.12/lib/sass/engine.rb:489:in `each'
  28. /Users/eising/.rvm/gems/ruby-1.9.3-p448/gems/sass-3.2.12/lib/sass/engine.rb:489:in `append_children'
  29. /Users/eising/.rvm/gems/ruby-1.9.3-p448/gems/sass-3.2.12/lib/sass/engine.rb:345:in `_to_tree'
  30. /Users/eising/.rvm/gems/ruby-1.9.3-p448/gems/sass-3.2.12/lib/sass/engine.rb:315:in `_render'
  31. /Users/eising/.rvm/gems/ruby-1.9.3-p448/gems/sass-3.2.12/lib/sass/engine.rb:262:in `render'
  32. /Users/eising/.rvm/gems/ruby-1.9.3-p448/gems/sprockets-sass-0.9.1/lib/sprockets/sass/sass_template.rb:40:in `evaluate'
  33. /Users/eising/.rvm/gems/ruby-1.9.3-p448/gems/tilt-1.4.1/lib/tilt/template.rb:103:in `render'
  34. /Users/eising/.rvm/gems/ruby-1.9.3-p448/gems/sprockets-2.10.0/lib/sprockets/context.rb:197:in `block in evaluate'
  35. /Users/eising/.rvm/gems/ruby-1.9.3-p448/gems/sprockets-2.10.0/lib/sprockets/context.rb:194:in `each'
  36. /Users/eising/.rvm/gems/ruby-1.9.3-p448/gems/sprockets-2.10.0/lib/sprockets/context.rb:194:in `evaluate'
  37. /Users/eising/.rvm/gems/ruby-1.9.3-p448/gems/sprockets-2.10.0/lib/sprockets/processed_asset.rb:12:in `initialize'
  38. /Users/eising/.rvm/gems/ruby-1.9.3-p448/gems/sprockets-2.10.0/lib/sprockets/base.rb:374:in `new'
  39. /Users/eising/.rvm/gems/ruby-1.9.3-p448/gems/sprockets-2.10.0/lib/sprockets/base.rb:374:in `block in build_asset'
  40. /Users/eising/.rvm/gems/ruby-1.9.3-p448/gems/sprockets-2.10.0/lib/sprockets/base.rb:395:in `circular_call_protection'
  41. /Users/eising/.rvm/gems/ruby-1.9.3-p448/gems/sprockets-2.10.0/lib/sprockets/base.rb:373:in `build_asset'
  42. /Users/eising/.rvm/gems/ruby-1.9.3-p448/gems/sprockets-2.10.0/lib/sprockets/index.rb:94:in `block in build_asset'
  43. /Users/eising/.rvm/gems/ruby-1.9.3-p448/gems/sprockets-2.10.0/lib/sprockets/caching.rb:51:in `cache_asset'
  44. /Users/eising/.rvm/gems/ruby-1.9.3-p448/gems/sprockets-2.10.0/lib/sprockets/index.rb:93:in `build_asset'
  45. /Users/eising/.rvm/gems/ruby-1.9.3-p448/gems/sprockets-2.10.0/lib/sprockets/base.rb:287:in `find_asset'
  46. /Users/eising/.rvm/gems/ruby-1.9.3-p448/gems/sprockets-2.10.0/lib/sprockets/index.rb:61:in `find_asset'
  47. /Users/eising/.rvm/gems/ruby-1.9.3-p448/gems/sprockets-2.10.0/lib/sprockets/bundled_asset.rb:16:in `initialize'
  48. /Users/eising/.rvm/gems/ruby-1.9.3-p448/gems/sprockets-2.10.0/lib/sprockets/base.rb:377:in `new'
  49. /Users/eising/.rvm/gems/ruby-1.9.3-p448/gems/sprockets-2.10.0/lib/sprockets/base.rb:377:in `build_asset'
  50. /Users/eising/.rvm/gems/ruby-1.9.3-p448/gems/sprockets-2.10.0/lib/sprockets/index.rb:94:in `block in build_asset'
  51. /Users/eising/.rvm/gems/ruby-1.9.3-p448/gems/sprockets-2.10.0/lib/sprockets/caching.rb:51:in `cache_asset'
  52. /Users/eising/.rvm/gems/ruby-1.9.3-p448/gems/sprockets-2.10.0/lib/sprockets/index.rb:93:in `build_asset'
  53. /Users/eising/.rvm/gems/ruby-1.9.3-p448/gems/sprockets-2.10.0/lib/sprockets/base.rb:287:in `find_asset'
  54. /Users/eising/.rvm/gems/ruby-1.9.3-p448/gems/sprockets-2.10.0/lib/sprockets/index.rb:61:in `find_asset'
  55. /Users/eising/.rvm/gems/ruby-1.9.3-p448/gems/sprockets-2.10.0/lib/sprockets/environment.rb:75:in `find_asset'
  56. /Users/eising/.rvm/gems/ruby-1.9.3-p448/gems/sprockets-2.10.0/lib/sprockets/base.rb:295:in `[]'
  57. /Users/eising/.rvm/gems/ruby-1.9.3-p448/gems/nanoc-sprockets-filter-0.0.2/lib/nanoc/filters/sprockets.rb:36:in `run'
  58. /Users/eising/.rvm/gems/ruby-1.9.3-p448/gems/nanoc-3.6.5/lib/nanoc/base/compilation/filter.rb:122:in `setup_and_run'
  59. /Users/eising/.rvm/gems/ruby-1.9.3-p448/gems/nanoc-3.6.5/lib/nanoc/base/result_data/item_rep.rb:344:in `filter'
  60. /Users/eising/.rvm/gems/ruby-1.9.3-p448/gems/nanoc-3.6.5/lib/nanoc/base/compilation/item_rep_proxy.rb:47:in `filter'
  61. /Users/eising/.rvm/gems/ruby-1.9.3-p448/gems/nanoc-3.6.5/lib/nanoc/base/compilation/rule_context.rb:55:in `filter'
  62. ./Rules:39:in `block in load'
  63. /Users/eising/.rvm/gems/ruby-1.9.3-p448/gems/nanoc-3.6.5/lib/nanoc/base/compilation/rule.rb:68:in `instance_eval'
  64. /Users/eising/.rvm/gems/ruby-1.9.3-p448/gems/nanoc-3.6.5/lib/nanoc/base/compilation/rule.rb:68:in `apply_to'
  65. /Users/eising/.rvm/gems/ruby-1.9.3-p448/gems/nanoc-3.6.5/lib/nanoc/base/compilation/compiler.rb:384:in `compile_rep'
  66. /Users/eising/.rvm/gems/ruby-1.9.3-p448/gems/nanoc-3.6.5/lib/nanoc/base/compilation/compiler.rb:340:in `block in compile_reps'
  67. /Users/eising/.rvm/gems/ruby-1.9.3-p448/gems/nanoc-3.6.5/lib/nanoc/base/compilation/compiler.rb:333:in `loop'
  68. /Users/eising/.rvm/gems/ruby-1.9.3-p448/gems/nanoc-3.6.5/lib/nanoc/base/compilation/compiler.rb:333:in `compile_reps'
  69. /Users/eising/.rvm/gems/ruby-1.9.3-p448/gems/nanoc-3.6.5/lib/nanoc/base/compilation/compiler.rb:89:in `run'
  70. /Users/eising/.rvm/gems/ruby-1.9.3-p448/gems/nanoc-3.6.5/lib/nanoc/base/source_data/site.rb:58:in `compile'
  71. /Users/eising/.rvm/gems/ruby-1.9.3-p448/gems/nanoc-3.6.5/lib/nanoc/cli/commands/compile.rb:363:in `block in run'
  72. /Users/eising/.rvm/gems/ruby-1.9.3-p448/gems/nanoc-3.6.5/lib/nanoc/cli/commands/compile.rb:404:in `run_listeners_while'
  73. /Users/eising/.rvm/gems/ruby-1.9.3-p448/gems/nanoc-3.6.5/lib/nanoc/cli/commands/compile.rb:362:in `run'
  74. /Users/eising/.rvm/gems/ruby-1.9.3-p448/gems/nanoc-3.6.5/lib/nanoc/cli/command_runner.rb:14:in `block in call'
  75. /Users/eising/.rvm/gems/ruby-1.9.3-p448/gems/nanoc-3.6.5/lib/nanoc/cli/error_handler.rb:70:in `handle_while'
  76. /Users/eising/.rvm/gems/ruby-1.9.3-p448/gems/nanoc-3.6.5/lib/nanoc/cli/error_handler.rb:26:in `handle_while'
  77. /Users/eising/.rvm/gems/ruby-1.9.3-p448/gems/nanoc-3.6.5/lib/nanoc/cli/command_runner.rb:13:in `call'
  78. /Users/eising/.rvm/gems/ruby-1.9.3-p448/gems/cri-2.4.0/lib/cri/command_dsl.rb:185:in `block in runner'
  79. /Users/eising/.rvm/gems/ruby-1.9.3-p448/gems/cri-2.4.0/lib/cri/command.rb:296:in `call'
  80. /Users/eising/.rvm/gems/ruby-1.9.3-p448/gems/cri-2.4.0/lib/cri/command.rb:296:in `run_this'
  81. /Users/eising/.rvm/gems/ruby-1.9.3-p448/gems/cri-2.4.0/lib/cri/command.rb:249:in `run'
  82. /Users/eising/.rvm/gems/ruby-1.9.3-p448/gems/cri-2.4.0/lib/cri/command.rb:262:in `run'
  83. /Users/eising/.rvm/gems/ruby-1.9.3-p448/gems/nanoc-3.6.5/lib/nanoc/cli.rb:52:in `block in run'
  84. /Users/eising/.rvm/gems/ruby-1.9.3-p448/gems/nanoc-3.6.5/lib/nanoc/cli/error_handler.rb:70:in `handle_while'
  85. /Users/eising/.rvm/gems/ruby-1.9.3-p448/gems/nanoc-3.6.5/lib/nanoc/cli/error_handler.rb:26:in `handle_while'
  86. /Users/eising/.rvm/gems/ruby-1.9.3-p448/gems/nanoc-3.6.5/lib/nanoc/cli.rb:50:in `run'
  87. /Users/eising/.rvm/gems/ruby-1.9.3-p448/gems/nanoc-3.6.5/bin/nanoc:19:in `<top (required)>'
  88. /Users/eising/.rvm/gems/ruby-1.9.3-p448/bin/nanoc:23:in `load'
  89. /Users/eising/.rvm/gems/ruby-1.9.3-p448/bin/nanoc:23:in `<main>'
  90. /Users/eising/.rvm/gems/ruby-1.9.3-p448/bin/ruby_executable_hooks:15:in `eval'
  ... 93 more lines omitted. See full crash log for details.

===== VERSION INFORMATION:

nanoc 3.6.5 © 2007-2013 Denis Defreyne.
Running ruby 1.9.3 (2013-06-27) on x86_64-darwin12.5.0 with RubyGems 2.1.5.

===== SYSTEM INFORMATION:

Darwin Arjans-MacBook-Pro.local 12.5.0 Darwin Kernel Version 12.5.0: Mon Jul 29 16:33:49 PDT 2013; root:xnu-2050.48.11~1/RELEASE_X86_64 x86_64

===== INSTALLED GEMS:

  adsf 1.1.1
  bundler 1.3.5
  chunky_png 1.2.9
  coffee-script 2.2.0
  coffee-script-source 1.6.3
  colored 1.2
  compass 0.12.2
  cri 2.4.0
  execjs 2.0.2
  fssm 0.2.10
  haml 3.1.8
  hike 1.2.3
  listen 0.7.3
  multi_json 1.8.2
  nanoc 3.6.5
  nanoc-sprockets-filter 0.0.2
  rack 1.5.2
  sass 3.2.12
  sprockets 2.10.0
  sprockets-helpers 0.8.0
  sprockets-sass 0.9.1
  tilt 1.4.1
  uglifier 1.3.0

===== ENVIRONMENT:

Apple_PubSub_Socket_Render => "/tmp/launch-anNA8r/Render"
Apple_Ubiquity_Message => "/tmp/launch-p2kk3q/Apple_Ubiquity_Message"
BUNDLE_BIN_PATH => "/Users/eising/.rvm/gems/ruby-1.9.3-p448/gems/bundler-1.3.5/bin/bundle"
BUNDLE_GEMFILE => "/Users/eising/Sites/mo-eising/Gemfile"
COMMAND_MODE => "unix2003"
DISPLAY => "/tmp/launch-Q86G3H/org.macosforge.xquartz:0"
GEM_HOME => "/Users/eising/.rvm/gems/ruby-1.9.3-p448"
GEM_PATH => "/Users/eising/.rvm/gems/ruby-1.9.3-p448:/Users/eising/.rvm/gems/ruby-1.9.3-p448@global"
HOME => "/Users/eising"
IRBRC => "/Users/eising/.rvm/rubies/ruby-1.9.3-p448/.irbrc"
LC_CTYPE => "UTF-8"
LOGNAME => "eising"
MY_RUBY_HOME => "/Users/eising/.rvm/rubies/ruby-1.9.3-p448"
PATH => "/Users/eising/.rvm/gems/ruby-1.9.3-p448/bin:/Users/eising/.rvm/gems/ruby-1.9.3-p448@global/bin:/Users/eising/.rvm/rubies/ruby-1.9.3-p448/bin:/Users/eising/.rvm/bin:/Applications/Postgres.app/Contents/MacOS/bin:/usr/local/bin:/usr/bin:/bin:/usr/sbin:/sbin:/opt/X11/bin:/usr/local/git/bin"
PWD => "/Users/eising/Sites/mo-eising/mo"
RUBYOPT => "-I/Users/eising/.rvm/gems/ruby-1.9.3-p448/gems/bundler-1.3.5/lib -rbundler/setup"
RUBY_VERSION => "ruby-1.9.3-p448"
SHELL => "/bin/bash"
SHLVL => "1"
SSH_AUTH_SOCK => "/tmp/launch-hPyZIJ/Listeners"
TERM => "ansi"
TERM_PROGRAM => "Apple_Terminal"
TERM_PROGRAM_VERSION => "309"
TERM_SESSION_ID => "44FB5A90-D4C6-4E97-AA16-B972CF983921"
TMPDIR => "/var/folders/_r/92w0y9kx36n1kz19cb2tsfwr0000gn/T/"
USER => "eising"
_ => "/Users/eising/.rvm/gems/ruby-1.9.3-p448/bin/nanoc"
_ORIGINAL_GEM_PATH => "/Users/eising/.rvm/gems/ruby-1.9.3-p448:/Users/eising/.rvm/gems/ruby-1.9.3-p448@global"
__CF_USER_TEXT_ENCODING => "0x1F5:0:0"
__rvm_date => "() {  \\date \"$@\" || return $?\n}"
_system_arch => "x86_64"
_system_name => "OSX"
_system_type => "Darwin"
_system_version => "10.8"
rvm_bin_path => "/Users/eising/.rvm/bin"
rvm_delete_flag => "0"
rvm_path => "/Users/eising/.rvm"
rvm_prefix => "/Users/eising"
rvm_ruby_string => "ruby-1.9.3-p448"
rvm_version => "1.22.17 ()"

===== LOAD PATHS:

  0. /Users/eising/.rvm/gems/ruby-1.9.3-p448/gems/nanoc-3.6.5/lib
  1. /Users/eising/.rvm/gems/ruby-1.9.3-p448/gems/uglifier-1.3.0/lib
  2. /Users/eising/.rvm/gems/ruby-1.9.3-p448/gems/sprockets-sass-0.9.1/lib
  3. /Users/eising/.rvm/gems/ruby-1.9.3-p448/gems/sprockets-helpers-0.8.0/lib
  4. /Users/eising/.rvm/gems/ruby-1.9.3-p448/gems/nanoc-sprockets-filter-0.0.2/lib
  5. /Users/eising/.rvm/gems/ruby-1.9.3-p448/gems/sprockets-2.10.0/lib
  6. /Users/eising/.rvm/gems/ruby-1.9.3-p448/gems/tilt-1.4.1/lib
  7. /Users/eising/.rvm/gems/ruby-1.9.3-p448/gems/nanoc-3.6.5/lib
  8. /Users/eising/.rvm/gems/ruby-1.9.3-p448/gems/multi_json-1.8.2/lib
  9. /Users/eising/.rvm/gems/ruby-1.9.3-p448/gems/listen-0.7.3/lib
  10. /Users/eising/.rvm/gems/ruby-1.9.3-p448/gems/hike-1.2.3/lib
  11. /Users/eising/.rvm/gems/ruby-1.9.3-p448/gems/haml-3.1.8/lib
  12. /Users/eising/.rvm/gems/ruby-1.9.3-p448/gems/cri-2.4.0/lib
  13. /Users/eising/.rvm/gems/ruby-1.9.3-p448/gems/compass-0.12.2/lib
  14. /Users/eising/.rvm/gems/ruby-1.9.3-p448/gems/sass-3.2.12/lib
  15. /Users/eising/.rvm/gems/ruby-1.9.3-p448/gems/fssm-0.2.10/lib
  16. /Users/eising/.rvm/gems/ruby-1.9.3-p448/gems/colored-1.2/lib
  17. /Users/eising/.rvm/gems/ruby-1.9.3-p448/gems/coffee-script-2.2.0/lib
  18. /Users/eising/.rvm/gems/ruby-1.9.3-p448/gems/execjs-2.0.2/lib
  19. /Users/eising/.rvm/gems/ruby-1.9.3-p448/gems/coffee-script-source-1.6.3/lib
  20. /Users/eising/.rvm/gems/ruby-1.9.3-p448/gems/chunky_png-1.2.9/lib
  21. /Users/eising/.rvm/gems/ruby-1.9.3-p448/gems/adsf-1.1.1/lib
  22. /Users/eising/.rvm/gems/ruby-1.9.3-p448/gems/rack-1.5.2/lib
  23. /Users/eising/.rvm/gems/ruby-1.9.3-p448/gems/bundler-1.3.5/lib
  24. /Users/eising/.rvm/rubies/ruby-1.9.3-p448/lib/ruby/site_ruby/1.9.1
  25. /Users/eising/.rvm/rubies/ruby-1.9.3-p448/lib/ruby/site_ruby/1.9.1/x86_64-darwin12.5.0
  26. /Users/eising/.rvm/rubies/ruby-1.9.3-p448/lib/ruby/site_ruby
  27. /Users/eising/.rvm/rubies/ruby-1.9.3-p448/lib/ruby/vendor_ruby/1.9.1
  28. /Users/eising/.rvm/rubies/ruby-1.9.3-p448/lib/ruby/vendor_ruby/1.9.1/x86_64-darwin12.5.0
  29. /Users/eising/.rvm/rubies/ruby-1.9.3-p448/lib/ruby/vendor_ruby
  30. /Users/eising/.rvm/rubies/ruby-1.9.3-p448/lib/ruby/1.9.1
  31. /Users/eising/.rvm/rubies/ruby-1.9.3-p448/lib/ruby/1.9.1/x86_64-darwin12.5.0
